2025-10-25 16:06:24,076 - easinote_tool - WARNING - 无法导入Rin-UI模块: No module named 'PySide6'
2025-10-25 16:06:24,077 - easinote_tool - WARNING - 请尝试安装依赖: pip install PySide6 RinUI
2025-10-25 16:06:24,077 - easinote_tool - INFO - 希沃白板5修改工具启动
2025-10-25 16:06:24,078 - easinote_tool - INFO - 检查必要依赖...
2025-10-25 16:06:24,078 - easinote_tool - INFO - 核心依赖检查通过
2025-10-25 16:06:24,082 - easinote_tool - WARNING - Rin-UI不可用
2025-10-25 16:06:24,082 - easinote_tool - WARNING - Tkinter GUI支持已移除
2025-10-25 16:06:24,084 - easinote_tool - INFO - 配置加载完成
2025-10-25 16:06:24,085 - easinote_tool - INFO - 音频修改器初始化完成
2025-10-25 16:08:38,713 - easinote_tool - INFO - 希沃白板5修改工具启动
2025-10-25 16:08:38,713 - easinote_tool - INFO - 检查必要依赖...
2025-10-25 16:08:38,719 - easinote_tool - INFO - 核心依赖检查通过
2025-10-25 16:08:38,836 - easinote_tool - ERROR - Rin-UI图形界面运行出错: name 'ConfigManager' is not defined
2025-10-25 16:08:38,854 - easinote_tool - WARNING - Tkinter GUI支持已移除
2025-10-25 16:08:38,855 - easinote_tool - INFO - 配置加载完成
2025-10-25 16:08:38,856 - easinote_tool - INFO - 音频修改器初始化完成
2025-10-25 16:08:55,457 - easinote_tool - INFO - 启动Rin-UI图形界面模式
2025-10-25 16:08:55,457 - easinote_tool - ERROR - Rin-UI图形界面运行出错: name 'ConfigManager' is not defined
2025-10-25 16:09:50,140 - easinote_tool - INFO - 希沃白板5修改工具启动
2025-10-25 16:09:50,141 - easinote_tool - INFO - 检查必要依赖...
2025-10-25 16:09:50,150 - easinote_tool - INFO - 核心依赖检查通过
2025-10-25 16:09:50,313 - easinote_tool - INFO - 配置加载完成
2025-10-25 16:09:50,315 - easinote_tool - INFO - 音频修改器初始化完成
2025-10-25 16:09:50,315 - easinote_tool - ERROR - Rin-UI图形界面运行出错: name 'LogManager' is not defined
2025-10-25 16:09:50,338 - easinote_tool - WARNING - Tkinter GUI支持已移除
2025-10-25 16:09:50,366 - easinote_tool - INFO - 配置加载完成
2025-10-25 16:09:50,367 - easinote_tool - INFO - 音频修改器初始化完成
2025-10-25 16:10:59,184 - easinote_tool - INFO - 希沃白板5修改工具启动
2025-10-25 16:10:59,184 - easinote_tool - INFO - 检查必要依赖...
2025-10-25 16:10:59,188 - easinote_tool - INFO - 核心依赖检查通过
2025-10-25 16:10:59,240 - easinote_tool - INFO - 配置加载完成
2025-10-25 16:10:59,241 - easinote_tool - INFO - 音频修改器初始化完成
2025-10-25 16:10:59,242 - easinote_tool - ERROR - Rin-UI图形界面运行出错: 'LogManager' object has no attribute 'log_updated'
2025-10-25 16:10:59,258 - easinote_tool - WARNING - Tkinter GUI支持已移除
2025-10-25 16:10:59,259 - easinote_tool - INFO - 配置加载完成
2025-10-25 16:10:59,260 - easinote_tool - INFO - 音频修改器初始化完成
2025-10-25 16:11:24,114 - easinote_tool - INFO - 希沃白板5修改工具启动
2025-10-25 16:11:24,114 - easinote_tool - INFO - 检查必要依赖...
2025-10-25 16:11:24,117 - easinote_tool - INFO - 核心依赖检查通过
2025-10-25 16:11:24,165 - easinote_tool - INFO - 配置加载完成
2025-10-25 16:11:24,166 - easinote_tool - INFO - 音频修改器初始化完成
2025-10-25 16:11:24,168 - easinote_tool - ERROR - Rin-UI图形界面运行出错: 'LogManager' object has no attribute 'log'
2025-10-25 16:11:24,182 - easinote_tool - WARNING - Tkinter GUI支持已移除
2025-10-25 16:11:24,183 - easinote_tool - INFO - 配置加载完成
2025-10-25 16:11:24,184 - easinote_tool - INFO - 音频修改器初始化完成
2025-10-25 16:11:50,553 - easinote_tool - INFO - 希沃白板5修改工具启动
2025-10-25 16:11:50,553 - easinote_tool - INFO - 检查必要依赖...
2025-10-25 16:11:50,556 - easinote_tool - INFO - 核心依赖检查通过
2025-10-25 16:11:50,607 - easinote_tool - INFO - 配置加载完成
2025-10-25 16:11:50,609 - easinote_tool - INFO - 音频修改器初始化完成
2025-10-25 16:11:53,609 - easinote_tool - WARNING - Tkinter GUI支持已移除
2025-10-25 16:11:53,611 - easinote_tool - INFO - 配置加载完成
2025-10-25 16:11:53,616 - easinote_tool - INFO - 音频修改器初始化完成
2025-10-25 16:12:25,440 - easinote_tool - INFO - 希沃白板5修改工具启动
2025-10-25 16:12:25,440 - easinote_tool - INFO - 检查必要依赖...
2025-10-25 16:12:25,443 - easinote_tool - INFO - 核心依赖检查通过
2025-10-25 16:12:25,491 - easinote_tool - INFO - 配置加载完成
2025-10-25 16:12:25,491 - easinote_tool - INFO - 音频修改器初始化完成
2025-10-25 16:12:27,772 - easinote_tool - WARNING - Tkinter GUI支持已移除
2025-10-25 16:12:27,774 - easinote_tool - INFO - 配置加载完成
2025-10-25 16:12:27,776 - easinote_tool - INFO - 音频修改器初始化完成
2025-10-25 16:12:49,857 - easinote_tool - INFO - 希沃白板5修改工具启动
2025-10-25 16:12:49,858 - easinote_tool - INFO - 检查必要依赖...
2025-10-25 16:12:49,866 - easinote_tool - INFO - 核心依赖检查通过
2025-10-25 16:12:49,943 - easinote_tool - INFO - 配置加载完成
2025-10-25 16:12:49,948 - easinote_tool - INFO - 音频修改器初始化完成
2025-10-25 16:12:51,850 - easinote_tool - WARNING - Tkinter GUI支持已移除
2025-10-25 16:12:51,885 - easinote_tool - INFO - 配置加载完成
2025-10-25 16:12:51,886 - easinote_tool - INFO - 音频修改器初始化完成
2025-10-25 16:13:16,602 - easinote_tool - INFO - 希沃白板5修改工具启动
2025-10-25 16:13:16,602 - easinote_tool - INFO - 检查必要依赖...
2025-10-25 16:13:16,607 - easinote_tool - INFO - 核心依赖检查通过
2025-10-25 16:13:16,681 - easinote_tool - INFO - 配置加载完成
2025-10-25 16:13:16,682 - easinote_tool - INFO - 音频修改器初始化完成
2025-10-25 16:13:20,471 - easinote_tool - WARNING - Tkinter GUI支持已移除
2025-10-25 16:13:20,474 - easinote_tool - INFO - 配置加载完成
2025-10-25 16:13:20,476 - easinote_tool - INFO - 音频修改器初始化完成
2025-10-25 16:13:41,692 - easinote_tool - INFO - 希沃白板5修改工具启动
2025-10-25 16:13:41,693 - easinote_tool - INFO - 检查必要依赖...
2025-10-25 16:13:41,698 - easinote_tool - INFO - 核心依赖检查通过
2025-10-25 16:13:41,779 - easinote_tool - INFO - 配置加载完成
2025-10-25 16:13:41,780 - easinote_tool - INFO - 音频修改器初始化完成
2025-10-25 16:13:43,814 - easinote_tool - WARNING - Tkinter GUI支持已移除
2025-10-25 16:13:43,839 - easinote_tool - INFO - 配置加载完成
2025-10-25 16:13:43,846 - easinote_tool - INFO - 音频修改器初始化完成
2025-10-25 16:14:10,214 - easinote_tool - INFO - 希沃白板5修改工具启动
2025-10-25 16:14:10,214 - easinote_tool - INFO - 检查必要依赖...
2025-10-25 16:14:10,218 - easinote_tool - INFO - 核心依赖检查通过
2025-10-25 16:14:10,274 - easinote_tool - INFO - 配置加载完成
2025-10-25 16:14:10,275 - easinote_tool - INFO - 音频修改器初始化完成
2025-10-25 16:14:12,351 - easinote_tool - WARNING - Tkinter GUI支持已移除
2025-10-25 16:14:12,357 - easinote_tool - INFO - 配置加载完成
2025-10-25 16:14:12,360 - easinote_tool - INFO - 音频修改器初始化完成
2025-10-25 16:14:53,965 - easinote_tool - INFO - 启动Rin-UI图形界面模式
2025-10-25 16:14:53,966 - easinote_tool - INFO - 配置加载完成
2025-10-25 16:14:53,966 - easinote_tool - INFO - 音频修改器初始化完成
2025-10-25 16:19:40,849 - easinote_tool - INFO - 希沃白板5修改工具启动
2025-10-25 16:19:40,849 - easinote_tool - INFO - 检查必要依赖...
2025-10-25 16:19:40,854 - easinote_tool - INFO - 核心依赖检查通过
2025-10-25 16:19:40,952 - easinote_tool - INFO - 配置加载完成
2025-10-25 16:19:40,953 - easinote_tool - INFO - 音频修改器初始化完成
2025-10-25 16:19:44,933 - easinote_tool - WARNING - Tkinter GUI支持已移除
2025-10-25 16:19:44,947 - easinote_tool - INFO - 配置加载完成
2025-10-25 16:19:44,948 - easinote_tool - INFO - 音频修改器初始化完成
2025-10-25 16:20:01,804 - easinote_tool - INFO - 启动Rin-UI图形界面模式
2025-10-25 16:20:01,805 - easinote_tool - INFO - 配置加载完成
2025-10-25 16:20:01,805 - easinote_tool - INFO - 音频修改器初始化完成
