2025-10-19 14:48:09,107 - easinote_tool - WARNING - 无法导入Rin-UI模块: No module named 'PySide6'
2025-10-19 14:48:09,108 - easinote_tool - INFO - 希沃白板5修改工具启动
2025-10-19 14:48:09,109 - easinote_tool - INFO - 检查必要依赖...
2025-10-19 14:48:09,109 - easinote_tool - INFO - 核心依赖检查通过
2025-10-19 14:48:09,114 - easinote_tool - INFO - 尝试启动默认界面(优先Rin-UI)
2025-10-19 14:48:09,115 - easinote_tool - WARNING - Rin-UI界面不可用或启动失败
2025-10-19 14:48:09,363 - easinote_tool - INFO - 配置文件不存在，使用默认配置
2025-10-19 14:48:09,364 - easinote_tool - INFO - 配置加载完成
2025-10-19 14:48:09,365 - easinote_tool - INFO - 音频修改器初始化完成
2025-10-19 14:48:09,755 - easinote_tool - INFO - 错误: 未找到游戏目录: C:\Program Files\Seewo\EasiNote5\resources\games
2025-10-19 14:48:09,810 - easinote_tool - INFO - 请检查配置中的希沃白板5安装路径是否正确
2025-10-19 14:48:09,810 - easinote_tool - INFO - GUI界面初始化完成
2025-10-19 14:48:20,413 - easinote_tool - INFO - Tkinter界面正常退出
2025-10-19 14:48:32,225 - easinote_tool - WARNING - 无法导入Rin-UI模块: No module named 'PySide6'
2025-10-19 14:48:32,225 - easinote_tool - INFO - 希沃白板5修改工具启动
2025-10-19 14:48:32,225 - easinote_tool - INFO - 检查必要依赖...
2025-10-19 14:48:32,226 - easinote_tool - INFO - 核心依赖检查通过
2025-10-19 14:48:32,229 - easinote_tool - INFO - 尝试启动默认界面(优先Rin-UI)
2025-10-19 14:48:32,230 - easinote_tool - WARNING - Rin-UI界面不可用或启动失败
2025-10-19 14:48:32,356 - easinote_tool - INFO - 配置文件不存在，使用默认配置
2025-10-19 14:48:32,356 - easinote_tool - INFO - 配置加载完成
2025-10-19 14:48:32,357 - easinote_tool - INFO - 音频修改器初始化完成
2025-10-19 14:48:32,394 - easinote_tool - INFO - 错误: 未找到游戏目录: C:\Program Files\Seewo\EasiNote5\resources\games
2025-10-19 14:48:32,396 - easinote_tool - INFO - 请检查配置中的希沃白板5安装路径是否正确
2025-10-19 14:48:32,397 - easinote_tool - INFO - GUI界面初始化完成
2025-10-19 14:48:38,274 - easinote_tool - INFO - Tkinter界面正常退出
2025-10-19 14:50:44,457 - easinote_tool - WARNING - 无法导入Rin-UI模块: No module named 'PySide6'
2025-10-19 14:50:44,458 - easinote_tool - WARNING - 请尝试安装依赖: pip install PySide6 RinUI
2025-10-19 14:50:44,460 - easinote_tool - INFO - 希沃白板5修改工具启动
2025-10-19 14:50:44,461 - easinote_tool - INFO - 检查必要依赖...
2025-10-19 14:50:44,462 - easinote_tool - INFO - 核心依赖检查通过
2025-10-19 14:50:44,474 - easinote_tool - INFO - 尝试启动默认界面(优先Rin-UI)
2025-10-19 14:50:44,474 - easinote_tool - WARNING - Rin-UI界面不可用或启动失败
2025-10-19 14:50:44,674 - easinote_tool - INFO - 配置文件不存在，使用默认配置
2025-10-19 14:50:44,675 - easinote_tool - INFO - 配置加载完成
2025-10-19 14:50:44,676 - easinote_tool - INFO - 音频修改器初始化完成
2025-10-19 14:50:44,756 - easinote_tool - INFO - 错误: 未找到游戏目录: C:\Program Files\Seewo\EasiNote5\resources\games
2025-10-19 14:50:44,760 - easinote_tool - INFO - 请检查配置中的希沃白板5安装路径是否正确
2025-10-19 14:50:44,761 - easinote_tool - INFO - GUI界面初始化完成
2025-10-19 14:50:49,010 - easinote_tool - INFO - Tkinter界面正常退出
2025-10-19 14:51:00,123 - easinote_tool - WARNING - 无法导入Rin-UI模块: No module named 'PySide6'
2025-10-19 14:51:00,124 - easinote_tool - WARNING - 请尝试安装依赖: pip install PySide6 RinUI
2025-10-19 14:51:00,125 - easinote_tool - INFO - 希沃白板5修改工具启动
2025-10-19 14:51:00,126 - easinote_tool - INFO - 检查必要依赖...
2025-10-19 14:51:00,127 - easinote_tool - INFO - 核心依赖检查通过
2025-10-19 14:51:00,141 - easinote_tool - INFO - 尝试启动默认界面(优先Rin-UI)
2025-10-19 14:51:00,141 - easinote_tool - WARNING - Rin-UI界面不可用或启动失败
2025-10-19 14:51:00,307 - easinote_tool - INFO - 配置文件不存在，使用默认配置
2025-10-19 14:51:00,308 - easinote_tool - INFO - 配置加载完成
2025-10-19 14:51:00,309 - easinote_tool - INFO - 音频修改器初始化完成
2025-10-19 14:51:00,393 - easinote_tool - INFO - 错误: 未找到游戏目录: C:\Program Files\Seewo\EasiNote5\resources\games
2025-10-19 14:51:00,396 - easinote_tool - INFO - 请检查配置中的希沃白板5安装路径是否正确
2025-10-19 14:51:00,397 - easinote_tool - INFO - GUI界面初始化完成
2025-10-19 14:51:12,609 - easinote_tool - INFO - Tkinter界面正常退出
2025-10-19 14:51:50,205 - easinote_tool - WARNING - 无法导入Rin-UI模块: No module named 'PySide6'
2025-10-19 14:51:50,206 - easinote_tool - WARNING - 请尝试安装依赖: pip install PySide6 RinUI
2025-10-19 14:51:50,206 - easinote_tool - INFO - 希沃白板5修改工具启动
2025-10-19 14:51:50,206 - easinote_tool - INFO - 检查必要依赖...
2025-10-19 14:51:50,206 - easinote_tool - INFO - 核心依赖检查通过
2025-10-19 14:51:50,210 - easinote_tool - INFO - 尝试启动默认界面(优先Rin-UI)
2025-10-19 14:51:50,210 - easinote_tool - WARNING - Rin-UI界面不可用或启动失败
2025-10-19 14:51:50,306 - easinote_tool - INFO - 配置文件不存在，使用默认配置
2025-10-19 14:51:50,307 - easinote_tool - INFO - 配置加载完成
2025-10-19 14:51:50,307 - easinote_tool - INFO - 音频修改器初始化完成
2025-10-19 14:51:50,339 - easinote_tool - INFO - 错误: 未找到游戏目录: C:\Program Files\Seewo\EasiNote5\resources\games
2025-10-19 14:51:50,341 - easinote_tool - INFO - 请检查配置中的希沃白板5安装路径是否正确
2025-10-19 14:51:50,342 - easinote_tool - INFO - GUI界面初始化完成
2025-10-19 14:51:52,415 - easinote_tool - INFO - Tkinter界面正常退出
2025-10-19 14:52:51,028 - easinote_tool - WARNING - 无法导入Rin-UI模块: No module named 'PySide6'
2025-10-19 14:52:51,029 - easinote_tool - WARNING - 请尝试安装依赖: pip install PySide6 RinUI
2025-10-19 14:52:51,029 - easinote_tool - INFO - 希沃白板5修改工具启动
2025-10-19 14:52:51,029 - easinote_tool - INFO - 检查必要依赖...
2025-10-19 14:52:51,030 - easinote_tool - INFO - 核心依赖检查通过
2025-10-19 14:52:51,033 - easinote_tool - INFO - 尝试启动默认界面(优先Rin-UI)
2025-10-19 14:52:51,033 - easinote_tool - WARNING - Rin-UI界面不可用或启动失败
2025-10-19 14:52:51,126 - easinote_tool - INFO - 配置文件不存在，使用默认配置
2025-10-19 14:52:51,127 - easinote_tool - INFO - 配置加载完成
2025-10-19 14:52:51,127 - easinote_tool - INFO - 音频修改器初始化完成
2025-10-19 14:52:51,165 - easinote_tool - INFO - 错误: 未找到游戏目录: C:\Program Files\Seewo\EasiNote5\resources\games
2025-10-19 14:52:51,167 - easinote_tool - INFO - 请检查配置中的希沃白板5安装路径是否正确
2025-10-19 14:52:51,167 - easinote_tool - INFO - GUI界面初始化完成
2025-10-19 14:52:52,526 - easinote_tool - INFO - Tkinter界面正常退出
2025-10-19 14:53:21,090 - easinote_tool - WARNING - 无法导入Rin-UI模块: No module named 'PySide6'
2025-10-19 14:53:21,090 - easinote_tool - WARNING - 请尝试安装依赖: pip install PySide6 RinUI
2025-10-19 14:53:21,091 - easinote_tool - INFO - 希沃白板5修改工具启动
2025-10-19 14:53:21,091 - easinote_tool - INFO - 检查必要依赖...
2025-10-19 14:53:21,091 - easinote_tool - INFO - 核心依赖检查通过
2025-10-19 14:53:21,095 - easinote_tool - WARNING - Rin-UI不可用
2025-10-19 14:53:21,199 - easinote_tool - INFO - 配置文件不存在，使用默认配置
2025-10-19 14:53:21,199 - easinote_tool - INFO - 配置加载完成
2025-10-19 14:53:21,199 - easinote_tool - INFO - 音频修改器初始化完成
2025-10-19 14:53:21,237 - easinote_tool - INFO - 错误: 未找到游戏目录: C:\Program Files\Seewo\EasiNote5\resources\games
2025-10-19 14:53:21,239 - easinote_tool - INFO - 请检查配置中的希沃白板5安装路径是否正确
2025-10-19 14:53:21,240 - easinote_tool - INFO - GUI界面初始化完成
2025-10-19 14:53:40,603 - easinote_tool - INFO - 配置已保存到: C:\Users\zt\Desktop\个人资料，勿动\软件工程，勿动\希沃白板5修改工具\Fuck-EasiNote5\config.json
2025-10-19 14:53:40,617 - easinote_tool - INFO - 错误: 未找到游戏目录: C:\Program Files\Seewo\EasiNote5\resources\games
2025-10-19 14:53:40,621 - easinote_tool - INFO - 请检查配置中的希沃白板5安装路径是否正确
2025-10-19 14:53:40,644 - easinote_tool - INFO - 配置已保存并重新加载游戏文件列表
2025-10-19 14:53:46,370 - easinote_tool - INFO - 错误: 未找到游戏目录: C:\Program Files\Seewo\EasiNote5\resources\games
2025-10-19 14:53:46,371 - easinote_tool - INFO - 请检查配置中的希沃白板5安装路径是否正确
2025-10-19 14:53:47,113 - easinote_tool - INFO - 错误: 未找到游戏目录: C:\Program Files\Seewo\EasiNote5\resources\games
2025-10-19 14:53:47,114 - easinote_tool - INFO - 请检查配置中的希沃白板5安装路径是否正确
2025-10-19 14:53:47,355 - easinote_tool - INFO - 错误: 未找到游戏目录: C:\Program Files\Seewo\EasiNote5\resources\games
2025-10-19 14:53:47,357 - easinote_tool - INFO - 请检查配置中的希沃白板5安装路径是否正确
2025-10-19 14:53:47,579 - easinote_tool - INFO - 错误: 未找到游戏目录: C:\Program Files\Seewo\EasiNote5\resources\games
2025-10-19 14:53:47,580 - easinote_tool - INFO - 请检查配置中的希沃白板5安装路径是否正确
2025-10-19 14:55:44,525 - easinote_tool - WARNING - 无法导入Rin-UI模块: No module named 'PySide6'
2025-10-19 14:55:44,526 - easinote_tool - WARNING - 请尝试安装依赖: pip install PySide6 RinUI
2025-10-19 14:55:44,526 - easinote_tool - INFO - 希沃白板5修改工具启动
2025-10-19 14:55:44,526 - easinote_tool - INFO - 检查必要依赖...
2025-10-19 14:55:44,527 - easinote_tool - INFO - 核心依赖检查通过
2025-10-19 14:55:44,530 - easinote_tool - INFO - 尝试启动默认界面(优先Rin-UI)
2025-10-19 14:55:44,531 - easinote_tool - WARNING - Rin-UI界面不可用或启动失败
2025-10-19 14:55:44,707 - easinote_tool - INFO - 配置加载完成
2025-10-19 14:55:44,707 - easinote_tool - INFO - 音频修改器初始化完成
2025-10-19 14:55:44,760 - easinote_tool - INFO - 错误: 未找到游戏目录: C:\Program Files\Seewo\EasiNote5\resources\games
2025-10-19 14:55:44,763 - easinote_tool - INFO - 请检查配置中的希沃白板5安装路径是否正确
2025-10-19 14:55:44,763 - easinote_tool - INFO - GUI界面初始化完成
2025-10-19 14:55:49,674 - easinote_tool - INFO - Tkinter界面正常退出
2025-10-19 14:56:11,931 - easinote_tool - WARNING - 无法导入Rin-UI模块: No module named 'PySide6'
2025-10-19 14:56:11,931 - easinote_tool - WARNING - 请尝试安装依赖: pip install PySide6 RinUI
2025-10-19 14:56:11,932 - easinote_tool - INFO - 希沃白板5修改工具启动
2025-10-19 14:56:11,932 - easinote_tool - INFO - 检查必要依赖...
2025-10-19 14:56:11,932 - easinote_tool - INFO - 核心依赖检查通过
2025-10-19 14:56:11,937 - easinote_tool - INFO - 尝试启动默认界面(优先Rin-UI)
2025-10-19 14:56:11,937 - easinote_tool - WARNING - Rin-UI界面不可用或启动失败
2025-10-19 14:56:12,080 - easinote_tool - INFO - 配置加载完成
2025-10-19 14:56:12,081 - easinote_tool - INFO - 音频修改器初始化完成
2025-10-19 14:56:12,129 - easinote_tool - INFO - 错误: 未找到游戏目录: C:\Program Files\Seewo\EasiNote5\resources\games
2025-10-19 14:56:12,132 - easinote_tool - INFO - 请检查配置中的希沃白板5安装路径是否正确
2025-10-19 14:56:12,132 - easinote_tool - INFO - GUI界面初始化完成
2025-10-19 14:56:21,807 - easinote_tool - INFO - Tkinter界面正常退出
